d:\breakout\breakout\x64\debug\breakout.pch
d:\breakout\breakout\x64\debug\vc142.pdb
d:\breakout\breakout\x64\debug\vc142.idb
d:\breakout\breakout\x64\debug\gamepch.obj
d:\breakout\breakout\x64\debug\vec2.obj
d:\breakout\breakout\x64\debug\tween.obj
d:\breakout\breakout\x64\debug\texturemanager.obj
d:\breakout\breakout\x64\debug\random.obj
d:\breakout\breakout\x64\debug\powerup.obj
d:\breakout\breakout\x64\debug\paddle.obj
d:\breakout\breakout\x64\debug\math.obj
d:\breakout\breakout\x64\debug\main.obj
d:\breakout\breakout\x64\debug\linesegment.obj
d:\breakout\breakout\x64\debug\level.obj
d:\breakout\breakout\x64\debug\easing.obj
d:\breakout\breakout\x64\debug\gameobject.obj
d:\breakout\breakout\x64\debug\gamemanager.obj
d:\breakout\breakout\x64\debug\game.obj
d:\breakout\breakout\x64\debug\button.obj
d:\breakout\breakout\x64\debug\bullet.obj
d:\breakout\breakout\x64\debug\brick.obj
d:\breakout\breakout\x64\debug\ball.obj
d:\breakout\breakout\x64\debug\audiomanager.obj
d:\breakout\breakout\x64\debug\aabb.obj
d:\breakout\x64\debug\breakout.ilk
d:\breakout\x64\debug\breakout.exe
d:\breakout\x64\debug\breakout.pdb
d:\breakout\breakout\x64\debug\breakout.tlog\cl.command.1.tlog
d:\breakout\breakout\x64\debug\breakout.tlog\cl.read.1.tlog
d:\breakout\breakout\x64\debug\breakout.tlog\cl.write.1.tlog
d:\breakout\breakout\x64\debug\breakout.tlog\link.command.1.tlog
d:\breakout\breakout\x64\debug\breakout.tlog\link.read.1.tlog
d:\breakout\breakout\x64\debug\breakout.tlog\link.write.1.tlog
