d:\breakout\breakout\x64\release\breakout.pch
d:\breakout\breakout\x64\release\vc142.pdb
d:\breakout\breakout\x64\release\gamepch.obj
d:\breakout\breakout\x64\release\vec2.obj
d:\breakout\breakout\x64\release\tween.obj
d:\breakout\breakout\x64\release\texturemanager.obj
d:\breakout\breakout\x64\release\random.obj
d:\breakout\breakout\x64\release\powerup.obj
d:\breakout\breakout\x64\release\paddle.obj
d:\breakout\breakout\x64\release\math.obj
d:\breakout\breakout\x64\release\main.obj
d:\breakout\breakout\x64\release\linesegment.obj
d:\breakout\breakout\x64\release\level.obj
d:\breakout\breakout\x64\release\easing.obj
d:\breakout\breakout\x64\release\gameobject.obj
d:\breakout\breakout\x64\release\gamemanager.obj
d:\breakout\breakout\x64\release\game.obj
d:\breakout\breakout\x64\release\button.obj
d:\breakout\breakout\x64\release\bullet.obj
d:\breakout\breakout\x64\release\brick.obj
d:\breakout\breakout\x64\release\ball.obj
d:\breakout\breakout\x64\release\audiomanager.obj
d:\breakout\breakout\x64\release\aabb.obj
d:\breakout\x64\release\breakout.exe
d:\breakout\breakout\x64\release\breakout.ipdb
d:\breakout\breakout\x64\release\breakout.iobj
d:\breakout\x64\release\breakout.pdb
d:\breakout\breakout\x64\release\breakout.tlog\cl.command.1.tlog
d:\breakout\breakout\x64\release\breakout.tlog\cl.read.1.tlog
d:\breakout\breakout\x64\release\breakout.tlog\cl.write.1.tlog
d:\breakout\breakout\x64\release\breakout.tlog\link.command.1.tlog
d:\breakout\breakout\x64\release\breakout.tlog\link.read.1.tlog
d:\breakout\breakout\x64\release\breakout.tlog\link.write.1.tlog
